<?xml version="1.0" encoding="UTF-8"?>
<!-- Generated by org.testng.reporters.JUnitReportReporter -->
<testsuite hostname="LAPTOP-PCHSK55O" failures="0" tests="1" name="com.webstaurantstore.tests.TableTest" time="7.630" errors="0" timestamp="2024-02-27T20:23:29 EST" skipped="0">
  <testcase classname="com.webstaurantstore.tests.TableTest" name="testWebstaurantStore" time="7.630"/>
  <system-out/>
</testsuite> <!-- com.webstaurantstore.tests.TableTest -->
